<?xml version="1.0" encoding="UTF-8"?>
<coverage generated="1666306457929" clover="3.2.0">
  <project timestamp="1666306457929" name="All files">
    <metrics statements="43" coveredstatements="27" conditionals="2" coveredconditionals="0" methods="12" coveredmethods="5" elements="57" coveredelements="32" complexity="0" loc="43" ncloc="43" packages="1" files="2" classes="2"/>
    <file name="route.js" path="/home/eleanor/bootcamp/week2/nightmare-on-dev-street/route.js">
      <metrics statements="29" coveredstatements="13" conditionals="2" coveredconditionals="0" methods="10" coveredmethods="3"/>
      <line num="3" count="1" type="stmt"/>
      <line num="4" count="1" type="stmt"/>
      <line num="6" count="1" type="stmt"/>
      <line num="8" count="1" type="stmt"/>
      <line num="9" count="1" type="stmt"/>
      <line num="11" count="1" type="stmt"/>
      <line num="12" count="7" type="stmt"/>
      <line num="16" count="7" type="stmt"/>
      <line num="17" count="28" type="stmt"/>
      <line num="19" count="7" type="stmt"/>
      <line num="24" count="1" type="stmt"/>
      <line num="25" count="0" type="stmt"/>
      <line num="29" count="0" type="stmt"/>
      <line num="30" count="0" type="stmt"/>
      <line num="32" count="0" type="stmt"/>
      <line num="37" count="1" type="stmt"/>
      <line num="38" count="0" type="stmt"/>
      <line num="42" count="0" type="stmt"/>
      <line num="43" count="0" type="stmt"/>
      <line num="44" count="0" type="stmt"/>
      <line num="45" count="0" type="stmt"/>
      <line num="46" count="0" type="stmt"/>
      <line num="48" count="0" type="stmt"/>
      <line num="50" count="0" type="cond" truecount="0" falsecount="2"/>
      <line num="51" count="0" type="stmt"/>
      <line num="54" count="0" type="stmt"/>
      <line num="56" count="0" type="stmt"/>
      <line num="62" count="0" type="stmt"/>
      <line num="67" count="1" type="stmt"/>
    </file>
    <file name="server.js" path="/home/eleanor/bootcamp/week2/nightmare-on-dev-street/server.js">
      <metrics statements="14" coveredstatements="14" conditionals="0" coveredconditionals="0" methods="2" coveredmethods="2"/>
      <line num="2" count="1" type="stmt"/>
      <line num="3" count="1" type="stmt"/>
      <line num="8" count="1" type="stmt"/>
      <line num="10" count="1" type="stmt"/>
      <line num="12" count="1" type="stmt"/>
      <line num="17" count="1" type="stmt"/>
      <line num="18" count="1" type="stmt"/>
      <line num="21" count="1" type="stmt"/>
      <line num="22" count="1" type="stmt"/>
      <line num="26" count="1" type="stmt"/>
      <line num="29" count="2" type="stmt"/>
      <line num="30" count="2" type="stmt"/>
      <line num="35" count="1" type="stmt"/>
      <line num="45" count="1" type="stmt"/>
    </file>
  </project>
</coverage>
