{"/home/eleanor/bootcamp/week2/nightmare-on-dev-street/route.js": {"path":"/home/eleanor/bootcamp/week2/nightmare-on-dev-street/route.js","statementMap":{"0":{"start":{"line":3,"column":16},"end":{"line":3,"column":34}},"1":{"start":{"line":4,"column":16},"end":{"line":4,"column":39}},"2":{"start":{"line":6,"column":15},"end":{"line":6,"column":31}},"3":{"start":{"line":8,"column":19},"end":{"line":8,"column":46}},"4":{"start":{"line":9,"column":22},"end":{"line":9,"column":49}},"5":{"start":{"line":11,"column":0},"end":{"line":22,"column":2}},"6":{"start":{"line":12,"column":2},"end":{"line":21,"column":12}},"7":{"start":{"line":16,"column":17},"end":{"line":16,"column":30}},"8":{"start":{"line":17,"column":24},"end":{"line":17,"column":80}},"9":{"start":{"line":17,"column":65},"end":{"line":17,"column":79}},"10":{"start":{"line":19,"column":6},"end":{"line":19,"column":40}},"11":{"start":{"line":24,"column":0},"end":{"line":35,"column":2}},"12":{"start":{"line":25,"column":2},"end":{"line":34,"column":12}},"13":{"start":{"line":29,"column":17},"end":{"line":29,"column":30}},"14":{"start":{"line":30,"column":24},"end":{"line":30,"column":80}},"15":{"start":{"line":30,"column":65},"end":{"line":30,"column":79}},"16":{"start":{"line":32,"column":6},"end":{"line":32,"column":37}},"17":{"start":{"line":37,"column":0},"end":{"line":65,"column":2}},"18":{"start":{"line":38,"column":2},"end":{"line":64,"column":12}},"19":{"start":{"line":42,"column":17},"end":{"line":42,"column":30}},"20":{"start":{"line":43,"column":26},"end":{"line":43,"column":43}},"21":{"start":{"line":44,"column":24},"end":{"line":44,"column":43}},"22":{"start":{"line":45,"column":6},"end":{"line":45,"column":27}},"23":{"start":{"line":46,"column":24},"end":{"line":46,"column":74}},"24":{"start":{"line":46,"column":61},"end":{"line":46,"column":73}},"25":{"start":{"line":48,"column":20},"end":{"line":48,"column":63}},"26":{"start":{"line":50,"column":6},"end":{"line":52,"column":7}},"27":{"start":{"line":51,"column":8},"end":{"line":51,"column":46}},"28":{"start":{"line":54,"column":6},"end":{"line":54,"column":58}},"29":{"start":{"line":56,"column":6},"end":{"line":59,"column":7}},"30":{"start":{"line":62,"column":6},"end":{"line":62,"column":45}},"31":{"start":{"line":67,"column":0},"end":{"line":67,"column":23}}},"fnMap":{"0":{"name":"(anonymous_0)","decl":{"start":{"line":11,"column":19},"end":{"line":11,"column":20}},"loc":{"start":{"line":11,"column":33},"end":{"line":22,"column":1}},"line":11},"1":{"name":"(anonymous_1)","decl":{"start":{"line":15,"column":10},"end":{"line":15,"column":11}},"loc":{"start":{"line":15,"column":17},"end":{"line":20,"column":5}},"line":15},"2":{"name":"(anonymous_2)","decl":{"start":{"line":17,"column":56},"end":{"line":17,"column":57}},"loc":{"start":{"line":17,"column":65},"end":{"line":17,"column":79}},"line":17},"3":{"name":"(anonymous_3)","decl":{"start":{"line":24,"column":24},"end":{"line":24,"column":25}},"loc":{"start":{"line":24,"column":38},"end":{"line":35,"column":1}},"line":24},"4":{"name":"(anonymous_4)","decl":{"start":{"line":28,"column":10},"end":{"line":28,"column":11}},"loc":{"start":{"line":28,"column":17},"end":{"line":33,"column":5}},"line":28},"5":{"name":"(anonymous_5)","decl":{"start":{"line":30,"column":56},"end":{"line":30,"column":57}},"loc":{"start":{"line":30,"column":65},"end":{"line":30,"column":79}},"line":30},"6":{"name":"(anonymous_6)","decl":{"start":{"line":37,"column":25},"end":{"line":37,"column":26}},"loc":{"start":{"line":37,"column":39},"end":{"line":65,"column":1}},"line":37},"7":{"name":"(anonymous_7)","decl":{"start":{"line":41,"column":10},"end":{"line":41,"column":11}},"loc":{"start":{"line":41,"column":23},"end":{"line":60,"column":5}},"line":41},"8":{"name":"(anonymous_8)","decl":{"start":{"line":46,"column":52},"end":{"line":46,"column":53}},"loc":{"start":{"line":46,"column":61},"end":{"line":46,"column":73}},"line":46},"9":{"name":"(anonymous_9)","decl":{"start":{"line":61,"column":10},"end":{"line":61,"column":11}},"loc":{"start":{"line":61,"column":16},"end":{"line":63,"column":5}},"line":61}},"branchMap":{"0":{"loc":{"start":{"line":50,"column":6},"end":{"line":52,"column":7}},"type":"if","locations":[{"start":{"line":50,"column":6},"end":{"line":52,"column":7}},{"start":{},"end":{}}],"line":50}},"s":{"0":1,"1":1,"2":1,"3":1,"4":1,"5":1,"6":7,"7":7,"8":7,"9":28,"10":7,"11":1,"12":0,"13":0,"14":0,"15":0,"16":0,"17":1,"18":0,"19":0,"20":0,"21":0,"22":0,"23":0,"24":0,"25":0,"26":0,"27":0,"28":0,"29":0,"30":0,"31":1},"f":{"0":7,"1":7,"2":28,"3":0,"4":0,"5":0,"6":0,"7":0,"8":0,"9":0},"b":{"0":[0,0]},"_coverageSchema":"1a1c01bbd47fc00a2c39e90264f33305004495a9","hash":"331fa5877485039a72f58360b299fd4bf714b6d6"}
,"/home/eleanor/bootcamp/week2/nightmare-on-dev-street/server.js": {"path":"/home/eleanor/bootcamp/week2/nightmare-on-dev-street/server.js","statementMap":{"0":{"start":{"line":2,"column":16},"end":{"line":2,"column":34}},"1":{"start":{"line":3,"column":12},"end":{"line":3,"column":41}},"2":{"start":{"line":8,"column":20},"end":{"line":8,"column":38}},"3":{"start":{"line":10,"column":19},"end":{"line":10,"column":46}},"4":{"start":{"line":12,"column":15},"end":{"line":12,"column":24}},"5":{"start":{"line":17,"column":0},"end":{"line":17,"column":36}},"6":{"start":{"line":18,"column":0},"end":{"line":18,"column":51}},"7":{"start":{"line":21,"column":0},"end":{"line":21,"column":52}},"8":{"start":{"line":22,"column":0},"end":{"line":22,"column":32}},"9":{"start":{"line":26,"column":0},"end":{"line":33,"column":2}},"10":{"start":{"line":29,"column":2},"end":{"line":31,"column":10}},"11":{"start":{"line":30,"column":14},"end":{"line":30,"column":47}},"12":{"start":{"line":35,"column":0},"end":{"line":35,"column":33}},"13":{"start":{"line":45,"column":0},"end":{"line":45,"column":23}}},"fnMap":{"0":{"name":"(anonymous_0)","decl":{"start":{"line":26,"column":16},"end":{"line":26,"column":17}},"loc":{"start":{"line":26,"column":30},"end":{"line":33,"column":1}},"line":26},"1":{"name":"(anonymous_1)","decl":{"start":{"line":30,"column":9},"end":{"line":30,"column":10}},"loc":{"start":{"line":30,"column":14},"end":{"line":30,"column":47}},"line":30}},"branchMap":{},"s":{"0":1,"1":1,"2":1,"3":1,"4":1,"5":1,"6":1,"7":1,"8":1,"9":1,"10":2,"11":2,"12":1,"13":1},"f":{"0":2,"1":2},"b":{},"_coverageSchema":"1a1c01bbd47fc00a2c39e90264f33305004495a9","hash":"2a1b836f482f0ac56f93e175df3218d7d9ec1e4e"}
}
